<?xml version="1.0" encoding="UTF-8"?>
<!-- Generated by org.testng.reporters.JUnitReportReporter -->
<testsuite hostname="DESKTOP-SKF0JU8" failures="0" tests="2" name="runners.ECommRunner" time="36.380" errors="0" timestamp="2022-12-15T11:17:49 IST" skipped="0">
  <testcase classname="runners.ECommRunner" name="runScenario" time="1.139"/>
  <system-out/>
  <testcase classname="runners.ECommRunner" name="runScenario" time="35.241"/>
  <system-out/>
</testsuite> <!-- runners.ECommRunner -->
